2019-1-21 03:39:34 notepad.exe
2019-1-21 03:39:54 notepad.exe
2019-1-21 12:44:59 notepad.exe
2019-1-21 12:45:19 notepad.exe
2019-1-21 12:46:22 notepad.exe
2019-1-21 12:49:02 notepad.exe
2019-1-21 12:51:02 notepad.exe
2019-1-21 12:51:21 notepad.exe
2019-1-21 12:53:15 notepad.exe
2019-1-21 12:58:06 notepad.exe
2019-1-21 12:58:45 notepad.exe
2019-1-21 13:00:09 notepad.exe
2019-1-21 13:04:06 notepad.exe
2019-1-21 13:04:49 notepad.exe
2019-1-21 13:07:21 notepad.exe
2019-1-21 13:28:32 notepad.exe
2019-1-21 15:29:39 notepad.exe
2019-1-21 15:32:16 notepad.exe
2019-1-21 15:32:47 notepad.exe
2019-1-21 15:36:18 notepad.exe
2019-1-21 15:41:55 notepad.exe
2019-1-21 15:42:25 notepad.exe
2019-1-21 15:45:11 notepad.exe
2019-1-21 15:46:59 notepad.exe
2019-1-21 15:47:11 notepad.exe
2019-1-22 00:34:49 notepad.exe
2019-1-22 00:36:58 notepad.exe
2019-1-22 00:37:05 notepad.exe
2019-1-22 00:37:16 notepad.exe
2019-1-22 00:41:41 notepad.exe
2019-1-22 00:41:45 notepad.exe
2019-1-22 00:41:47 notepad.exe
2019-1-22 00:46:59 notepad.exe notepad
2019-1-22 00:47:03 notepad.exe notepad
2019-1-22 00:47:05 notepad.exe notepad
2019-1-22 00:49:35S notepad.exe notepad
2019-1-22 00:49:41S notepad.exe notepad
2019-1-22 00:49:43S notepad.exe notepad
2019-1-22 00:50:35 S notepad.exe notepad
2019-1-22 00:51:26 V notepad.exe notepad
2019-1-22 00:51:36 Λ notepad.exe notepad
2019-1-22 00:53:22 V notepad.exe notepad
2019-1-22 00:53:36 Λ notepad.exe notepad
